<?xml version="1.0" encoding="UTF-8"?>
<testsuite xmlns:xsi="http://www.w3.org/2001/XMLSchema-instance" xsi:noNamespaceSchemaLocation="https://maven.apache.org/surefire/maven-surefire-plugin/xsd/surefire-test-report.xsd" name="com.soft1851.course.center.CourseCenterApplicationTests" time="10.499" tests="1" errors="0" skipped="0" failures="0">
  <properties>
    <property name="sun.desktop" value="windows"/>
    <property name="awt.toolkit" value="sun.awt.windows.WToolkit"/>
    <property name="file.encoding.pkg" value="sun.io"/>
    <property name="java.specification.version" value="1.8"/>
    <property name="sun.cpu.isalist" value="amd64"/>
    <property name="sun.jnu.encoding" value="GBK"/>
    <property name="java.class.path" value="F:\0 Java-Code\cloud-learning\course-center\target\test-classes;F:\0 Java-Code\cloud-learning\course-center\target\classes;F:\tools\maven_jar\org\springframework\boot\spring-boot-starter-web\2.3.3.RELEASE\spring-boot-starter-web-2.3.3.RELEASE.jar;F:\tools\maven_jar\org\springframework\boot\spring-boot-starter\2.3.3.RELEASE\spring-boot-starter-2.3.3.RELEASE.jar;F:\tools\maven_jar\org\springframework\boot\spring-boot\2.3.3.RELEASE\spring-boot-2.3.3.RELEASE.jar;F:\tools\maven_jar\org\springframework\boot\spring-boot-autoconfigure\2.3.3.RELEASE\spring-boot-autoconfigure-2.3.3.RELEASE.jar;F:\tools\maven_jar\org\springframework\boot\spring-boot-starter-logging\2.3.3.RELEASE\spring-boot-starter-logging-2.3.3.RELEASE.jar;F:\tools\maven_jar\ch\qos\logback\logback-classic\1.2.3\logback-classic-1.2.3.jar;F:\tools\maven_jar\ch\qos\logback\logback-core\1.2.3\logback-core-1.2.3.jar;F:\tools\maven_jar\org\apache\logging\log4j\log4j-to-slf4j\2.13.3\log4j-to-slf4j-2.13.3.jar;F:\tools\maven_jar\org\apache\logging\log4j\log4j-api\2.13.3\log4j-api-2.13.3.jar;F:\tools\maven_jar\org\slf4j\jul-to-slf4j\1.7.30\jul-to-slf4j-1.7.30.jar;F:\tools\maven_jar\jakarta\annotation\jakarta.annotation-api\1.3.5\jakarta.annotation-api-1.3.5.jar;F:\tools\maven_jar\org\yaml\snakeyaml\1.26\snakeyaml-1.26.jar;F:\tools\maven_jar\org\springframework\boot\spring-boot-starter-json\2.3.3.RELEASE\spring-boot-starter-json-2.3.3.RELEASE.jar;F:\tools\maven_jar\com\fasterxml\jackson\core\jackson-databind\2.11.2\jackson-databind-2.11.2.jar;F:\tools\maven_jar\com\fasterxml\jackson\core\jackson-annotations\2.11.2\jackson-annotations-2.11.2.jar;F:\tools\maven_jar\com\fasterxml\jackson\core\jackson-core\2.11.2\jackson-core-2.11.2.jar;F:\tools\maven_jar\com\fasterxml\jackson\datatype\jackson-datatype-jdk8\2.11.2\jackson-datatype-jdk8-2.11.2.jar;F:\tools\maven_jar\com\fasterxml\jackson\datatype\jackson-datatype-jsr310\2.11.2\jackson-datatype-jsr310-2.11.2.jar;F:\tools\maven_jar\com\fasterxml\jackson\module\jackson-module-parameter-names\2.11.2\jackson-module-parameter-names-2.11.2.jar;F:\tools\maven_jar\org\springframework\boot\spring-boot-starter-tomcat\2.3.3.RELEASE\spring-boot-starter-tomcat-2.3.3.RELEASE.jar;F:\tools\maven_jar\org\apache\tomcat\embed\tomcat-embed-core\9.0.37\tomcat-embed-core-9.0.37.jar;F:\tools\maven_jar\org\glassfish\jakarta.el\3.0.3\jakarta.el-3.0.3.jar;F:\tools\maven_jar\org\apache\tomcat\embed\tomcat-embed-websocket\9.0.37\tomcat-embed-websocket-9.0.37.jar;F:\tools\maven_jar\org\springframework\spring-web\5.2.8.RELEASE\spring-web-5.2.8.RELEASE.jar;F:\tools\maven_jar\org\springframework\spring-beans\5.2.8.RELEASE\spring-beans-5.2.8.RELEASE.jar;F:\tools\maven_jar\org\springframework\spring-webmvc\5.2.8.RELEASE\spring-webmvc-5.2.8.RELEASE.jar;F:\tools\maven_jar\org\springframework\spring-aop\5.2.8.RELEASE\spring-aop-5.2.8.RELEASE.jar;F:\tools\maven_jar\org\springframework\spring-context\5.2.8.RELEASE\spring-context-5.2.8.RELEASE.jar;F:\tools\maven_jar\org\springframework\spring-expression\5.2.8.RELEASE\spring-expression-5.2.8.RELEASE.jar;F:\tools\maven_jar\org\mybatis\spring\boot\mybatis-spring-boot-starter\2.1.3\mybatis-spring-boot-starter-2.1.3.jar;F:\tools\maven_jar\org\springframework\boot\spring-boot-starter-jdbc\2.3.3.RELEASE\spring-boot-starter-jdbc-2.3.3.RELEASE.jar;F:\tools\maven_jar\com\zaxxer\HikariCP\3.4.5\HikariCP-3.4.5.jar;F:\tools\maven_jar\org\springframework\spring-jdbc\5.2.8.RELEASE\spring-jdbc-5.2.8.RELEASE.jar;F:\tools\maven_jar\org\springframework\spring-tx\5.2.8.RELEASE\spring-tx-5.2.8.RELEASE.jar;F:\tools\maven_jar\org\mybatis\spring\boot\mybatis-spring-boot-autoconfigure\2.1.3\mybatis-spring-boot-autoconfigure-2.1.3.jar;F:\tools\maven_jar\org\mybatis\mybatis\3.5.5\mybatis-3.5.5.jar;F:\tools\maven_jar\org\mybatis\mybatis-spring\2.0.5\mybatis-spring-2.0.5.jar;F:\tools\maven_jar\mysql\mysql-connector-java\8.0.21\mysql-connector-java-8.0.21.jar;F:\tools\maven_jar\org\projectlombok\lombok\1.18.12\lombok-1.18.12.jar;F:\tools\maven_jar\org\springframework\boot\spring-boot-starter-test\2.3.3.RELEASE\spring-boot-starter-test-2.3.3.RELEASE.jar;F:\tools\maven_jar\org\springframework\boot\spring-boot-test\2.3.3.RELEASE\spring-boot-test-2.3.3.RELEASE.jar;F:\tools\maven_jar\org\springframework\boot\spring-boot-test-autoconfigure\2.3.3.RELEASE\spring-boot-test-autoconfigure-2.3.3.RELEASE.jar;F:\tools\maven_jar\com\jayway\jsonpath\json-path\2.4.0\json-path-2.4.0.jar;F:\tools\maven_jar\net\minidev\json-smart\2.3\json-smart-2.3.jar;F:\tools\maven_jar\net\minidev\accessors-smart\1.2\accessors-smart-1.2.jar;F:\tools\maven_jar\org\ow2\asm\asm\5.0.4\asm-5.0.4.jar;F:\tools\maven_jar\org\slf4j\slf4j-api\1.7.30\slf4j-api-1.7.30.jar;F:\tools\maven_jar\jakarta\xml\bind\jakarta.xml.bind-api\2.3.3\jakarta.xml.bind-api-2.3.3.jar;F:\tools\maven_jar\jakarta\activation\jakarta.activation-api\1.2.2\jakarta.activation-api-1.2.2.jar;F:\tools\maven_jar\org\assertj\assertj-core\3.16.1\assertj-core-3.16.1.jar;F:\tools\maven_jar\org\hamcrest\hamcrest\2.2\hamcrest-2.2.jar;F:\tools\maven_jar\org\junit\jupiter\junit-jupiter\5.6.2\junit-jupiter-5.6.2.jar;F:\tools\maven_jar\org\junit\jupiter\junit-jupiter-api\5.6.2\junit-jupiter-api-5.6.2.jar;F:\tools\maven_jar\org\apiguardian\apiguardian-api\1.1.0\apiguardian-api-1.1.0.jar;F:\tools\maven_jar\org\opentest4j\opentest4j\1.2.0\opentest4j-1.2.0.jar;F:\tools\maven_jar\org\junit\platform\junit-platform-commons\1.6.2\junit-platform-commons-1.6.2.jar;F:\tools\maven_jar\org\junit\jupiter\junit-jupiter-params\5.6.2\junit-jupiter-params-5.6.2.jar;F:\tools\maven_jar\org\junit\jupiter\junit-jupiter-engine\5.6.2\junit-jupiter-engine-5.6.2.jar;F:\tools\maven_jar\org\junit\platform\junit-platform-engine\1.6.2\junit-platform-engine-1.6.2.jar;F:\tools\maven_jar\org\mockito\mockito-core\3.3.3\mockito-core-3.3.3.jar;F:\tools\maven_jar\net\bytebuddy\byte-buddy\1.10.14\byte-buddy-1.10.14.jar;F:\tools\maven_jar\net\bytebuddy\byte-buddy-agent\1.10.14\byte-buddy-agent-1.10.14.jar;F:\tools\maven_jar\org\objenesis\objenesis\2.6\objenesis-2.6.jar;F:\tools\maven_jar\org\mockito\mockito-junit-jupiter\3.3.3\mockito-junit-jupiter-3.3.3.jar;F:\tools\maven_jar\org\skyscreamer\jsonassert\1.5.0\jsonassert-1.5.0.jar;F:\tools\maven_jar\com\vaadin\external\google\android-json\0.0.20131108.vaadin1\android-json-0.0.20131108.vaadin1.jar;F:\tools\maven_jar\org\springframework\spring-core\5.2.8.RELEASE\spring-core-5.2.8.RELEASE.jar;F:\tools\maven_jar\org\springframework\spring-jcl\5.2.8.RELEASE\spring-jcl-5.2.8.RELEASE.jar;F:\tools\maven_jar\org\springframework\spring-test\5.2.8.RELEASE\spring-test-5.2.8.RELEASE.jar;F:\tools\maven_jar\org\xmlunit\xmlunit-core\2.7.0\xmlunit-core-2.7.0.jar;F:\tools\maven_jar\tk\mybatis\mapper-spring-boot-starter\2.1.5\mapper-spring-boot-starter-2.1.5.jar;F:\tools\maven_jar\tk\mybatis\mapper-core\1.1.5\mapper-core-1.1.5.jar;F:\tools\maven_jar\javax\persistence\persistence-api\1.0\persistence-api-1.0.jar;F:\tools\maven_jar\tk\mybatis\mapper-base\1.1.5\mapper-base-1.1.5.jar;F:\tools\maven_jar\tk\mybatis\mapper-weekend\1.1.5\mapper-weekend-1.1.5.jar;F:\tools\maven_jar\tk\mybatis\mapper-spring\1.1.5\mapper-spring-1.1.5.jar;F:\tools\maven_jar\tk\mybatis\mapper-extra\1.1.5\mapper-extra-1.1.5.jar;F:\tools\maven_jar\tk\mybatis\mapper-spring-boot-autoconfigure\2.1.5\mapper-spring-boot-autoconfigure-2.1.5.jar;F:\tools\maven_jar\org\springframework\boot\spring-boot-starter-actuator\2.3.3.RELEASE\spring-boot-starter-actuator-2.3.3.RELEASE.jar;F:\tools\maven_jar\org\springframework\boot\spring-boot-actuator-autoconfigure\2.3.3.RELEASE\spring-boot-actuator-autoconfigure-2.3.3.RELEASE.jar;F:\tools\maven_jar\org\springframework\boot\spring-boot-actuator\2.3.3.RELEASE\spring-boot-actuator-2.3.3.RELEASE.jar;F:\tools\maven_jar\io\micrometer\micrometer-core\1.5.4\micrometer-core-1.5.4.jar;F:\tools\maven_jar\org\hdrhistogram\HdrHistogram\2.1.12\HdrHistogram-2.1.12.jar;F:\tools\maven_jar\org\latencyutils\LatencyUtils\2.0.3\LatencyUtils-2.0.3.jar;"/>
    <property name="java.vm.vendor" value="AdoptOpenJDK"/>
    <property name="sun.arch.data.model" value="64"/>
    <property name="user.variant" value=""/>
    <property name="java.vendor.url" value="http://java.oracle.com/"/>
    <property name="user.timezone" value="Asia/Shanghai"/>
    <property name="java.vm.specification.version" value="1.8"/>
    <property name="os.name" value="Windows 10"/>
    <property name="user.country" value="CN"/>
    <property name="sun.java.launcher" value="SUN_STANDARD"/>
    <property name="sun.boot.library.path" value="F:\tools\AdoptOpenJDK\jdk-8.0.265.01-hotspot\jre\bin"/>
    <property name="sun.java.command" value="C:\Users\zeng\AppData\Local\Temp\surefire7716152658843623543\surefirebooter1142033446295189606.jar C:\Users\zeng\AppData\Local\Temp\surefire7716152658843623543 2020-09-20T14-58-59_828-jvmRun1 surefire649855318223322941tmp surefire_06780385245402624522tmp"/>
    <property name="surefire.test.class.path" value="F:\0 Java-Code\cloud-learning\course-center\target\test-classes;F:\0 Java-Code\cloud-learning\course-center\target\classes;F:\tools\maven_jar\org\springframework\boot\spring-boot-starter-web\2.3.3.RELEASE\spring-boot-starter-web-2.3.3.RELEASE.jar;F:\tools\maven_jar\org\springframework\boot\spring-boot-starter\2.3.3.RELEASE\spring-boot-starter-2.3.3.RELEASE.jar;F:\tools\maven_jar\org\springframework\boot\spring-boot\2.3.3.RELEASE\spring-boot-2.3.3.RELEASE.jar;F:\tools\maven_jar\org\springframework\boot\spring-boot-autoconfigure\2.3.3.RELEASE\spring-boot-autoconfigure-2.3.3.RELEASE.jar;F:\tools\maven_jar\org\springframework\boot\spring-boot-starter-logging\2.3.3.RELEASE\spring-boot-starter-logging-2.3.3.RELEASE.jar;F:\tools\maven_jar\ch\qos\logback\logback-classic\1.2.3\logback-classic-1.2.3.jar;F:\tools\maven_jar\ch\qos\logback\logback-core\1.2.3\logback-core-1.2.3.jar;F:\tools\maven_jar\org\apache\logging\log4j\log4j-to-slf4j\2.13.3\log4j-to-slf4j-2.13.3.jar;F:\tools\maven_jar\org\apache\logging\log4j\log4j-api\2.13.3\log4j-api-2.13.3.jar;F:\tools\maven_jar\org\slf4j\jul-to-slf4j\1.7.30\jul-to-slf4j-1.7.30.jar;F:\tools\maven_jar\jakarta\annotation\jakarta.annotation-api\1.3.5\jakarta.annotation-api-1.3.5.jar;F:\tools\maven_jar\org\yaml\snakeyaml\1.26\snakeyaml-1.26.jar;F:\tools\maven_jar\org\springframework\boot\spring-boot-starter-json\2.3.3.RELEASE\spring-boot-starter-json-2.3.3.RELEASE.jar;F:\tools\maven_jar\com\fasterxml\jackson\core\jackson-databind\2.11.2\jackson-databind-2.11.2.jar;F:\tools\maven_jar\com\fasterxml\jackson\core\jackson-annotations\2.11.2\jackson-annotations-2.11.2.jar;F:\tools\maven_jar\com\fasterxml\jackson\core\jackson-core\2.11.2\jackson-core-2.11.2.jar;F:\tools\maven_jar\com\fasterxml\jackson\datatype\jackson-datatype-jdk8\2.11.2\jackson-datatype-jdk8-2.11.2.jar;F:\tools\maven_jar\com\fasterxml\jackson\datatype\jackson-datatype-jsr310\2.11.2\jackson-datatype-jsr310-2.11.2.jar;F:\tools\maven_jar\com\fasterxml\jackson\module\jackson-module-parameter-names\2.11.2\jackson-module-parameter-names-2.11.2.jar;F:\tools\maven_jar\org\springframework\boot\spring-boot-starter-tomcat\2.3.3.RELEASE\spring-boot-starter-tomcat-2.3.3.RELEASE.jar;F:\tools\maven_jar\org\apache\tomcat\embed\tomcat-embed-core\9.0.37\tomcat-embed-core-9.0.37.jar;F:\tools\maven_jar\org\glassfish\jakarta.el\3.0.3\jakarta.el-3.0.3.jar;F:\tools\maven_jar\org\apache\tomcat\embed\tomcat-embed-websocket\9.0.37\tomcat-embed-websocket-9.0.37.jar;F:\tools\maven_jar\org\springframework\spring-web\5.2.8.RELEASE\spring-web-5.2.8.RELEASE.jar;F:\tools\maven_jar\org\springframework\spring-beans\5.2.8.RELEASE\spring-beans-5.2.8.RELEASE.jar;F:\tools\maven_jar\org\springframework\spring-webmvc\5.2.8.RELEASE\spring-webmvc-5.2.8.RELEASE.jar;F:\tools\maven_jar\org\springframework\spring-aop\5.2.8.RELEASE\spring-aop-5.2.8.RELEASE.jar;F:\tools\maven_jar\org\springframework\spring-context\5.2.8.RELEASE\spring-context-5.2.8.RELEASE.jar;F:\tools\maven_jar\org\springframework\spring-expression\5.2.8.RELEASE\spring-expression-5.2.8.RELEASE.jar;F:\tools\maven_jar\org\mybatis\spring\boot\mybatis-spring-boot-starter\2.1.3\mybatis-spring-boot-starter-2.1.3.jar;F:\tools\maven_jar\org\springframework\boot\spring-boot-starter-jdbc\2.3.3.RELEASE\spring-boot-starter-jdbc-2.3.3.RELEASE.jar;F:\tools\maven_jar\com\zaxxer\HikariCP\3.4.5\HikariCP-3.4.5.jar;F:\tools\maven_jar\org\springframework\spring-jdbc\5.2.8.RELEASE\spring-jdbc-5.2.8.RELEASE.jar;F:\tools\maven_jar\org\springframework\spring-tx\5.2.8.RELEASE\spring-tx-5.2.8.RELEASE.jar;F:\tools\maven_jar\org\mybatis\spring\boot\mybatis-spring-boot-autoconfigure\2.1.3\mybatis-spring-boot-autoconfigure-2.1.3.jar;F:\tools\maven_jar\org\mybatis\mybatis\3.5.5\mybatis-3.5.5.jar;F:\tools\maven_jar\org\mybatis\mybatis-spring\2.0.5\mybatis-spring-2.0.5.jar;F:\tools\maven_jar\mysql\mysql-connector-java\8.0.21\mysql-connector-java-8.0.21.jar;F:\tools\maven_jar\org\projectlombok\lombok\1.18.12\lombok-1.18.12.jar;F:\tools\maven_jar\org\springframework\boot\spring-boot-starter-test\2.3.3.RELEASE\spring-boot-starter-test-2.3.3.RELEASE.jar;F:\tools\maven_jar\org\springframework\boot\spring-boot-test\2.3.3.RELEASE\spring-boot-test-2.3.3.RELEASE.jar;F:\tools\maven_jar\org\springframework\boot\spring-boot-test-autoconfigure\2.3.3.RELEASE\spring-boot-test-autoconfigure-2.3.3.RELEASE.jar;F:\tools\maven_jar\com\jayway\jsonpath\json-path\2.4.0\json-path-2.4.0.jar;F:\tools\maven_jar\net\minidev\json-smart\2.3\json-smart-2.3.jar;F:\tools\maven_jar\net\minidev\accessors-smart\1.2\accessors-smart-1.2.jar;F:\tools\maven_jar\org\ow2\asm\asm\5.0.4\asm-5.0.4.jar;F:\tools\maven_jar\org\slf4j\slf4j-api\1.7.30\slf4j-api-1.7.30.jar;F:\tools\maven_jar\jakarta\xml\bind\jakarta.xml.bind-api\2.3.3\jakarta.xml.bind-api-2.3.3.jar;F:\tools\maven_jar\jakarta\activation\jakarta.activation-api\1.2.2\jakarta.activation-api-1.2.2.jar;F:\tools\maven_jar\org\assertj\assertj-core\3.16.1\assertj-core-3.16.1.jar;F:\tools\maven_jar\org\hamcrest\hamcrest\2.2\hamcrest-2.2.jar;F:\tools\maven_jar\org\junit\jupiter\junit-jupiter\5.6.2\junit-jupiter-5.6.2.jar;F:\tools\maven_jar\org\junit\jupiter\junit-jupiter-api\5.6.2\junit-jupiter-api-5.6.2.jar;F:\tools\maven_jar\org\apiguardian\apiguardian-api\1.1.0\apiguardian-api-1.1.0.jar;F:\tools\maven_jar\org\opentest4j\opentest4j\1.2.0\opentest4j-1.2.0.jar;F:\tools\maven_jar\org\junit\platform\junit-platform-commons\1.6.2\junit-platform-commons-1.6.2.jar;F:\tools\maven_jar\org\junit\jupiter\junit-jupiter-params\5.6.2\junit-jupiter-params-5.6.2.jar;F:\tools\maven_jar\org\junit\jupiter\junit-jupiter-engine\5.6.2\junit-jupiter-engine-5.6.2.jar;F:\tools\maven_jar\org\junit\platform\junit-platform-engine\1.6.2\junit-platform-engine-1.6.2.jar;F:\tools\maven_jar\org\mockito\mockito-core\3.3.3\mockito-core-3.3.3.jar;F:\tools\maven_jar\net\bytebuddy\byte-buddy\1.10.14\byte-buddy-1.10.14.jar;F:\tools\maven_jar\net\bytebuddy\byte-buddy-agent\1.10.14\byte-buddy-agent-1.10.14.jar;F:\tools\maven_jar\org\objenesis\objenesis\2.6\objenesis-2.6.jar;F:\tools\maven_jar\org\mockito\mockito-junit-jupiter\3.3.3\mockito-junit-jupiter-3.3.3.jar;F:\tools\maven_jar\org\skyscreamer\jsonassert\1.5.0\jsonassert-1.5.0.jar;F:\tools\maven_jar\com\vaadin\external\google\android-json\0.0.20131108.vaadin1\android-json-0.0.20131108.vaadin1.jar;F:\tools\maven_jar\org\springframework\spring-core\5.2.8.RELEASE\spring-core-5.2.8.RELEASE.jar;F:\tools\maven_jar\org\springframework\spring-jcl\5.2.8.RELEASE\spring-jcl-5.2.8.RELEASE.jar;F:\tools\maven_jar\org\springframework\spring-test\5.2.8.RELEASE\spring-test-5.2.8.RELEASE.jar;F:\tools\maven_jar\org\xmlunit\xmlunit-core\2.7.0\xmlunit-core-2.7.0.jar;F:\tools\maven_jar\tk\mybatis\mapper-spring-boot-starter\2.1.5\mapper-spring-boot-starter-2.1.5.jar;F:\tools\maven_jar\tk\mybatis\mapper-core\1.1.5\mapper-core-1.1.5.jar;F:\tools\maven_jar\javax\persistence\persistence-api\1.0\persistence-api-1.0.jar;F:\tools\maven_jar\tk\mybatis\mapper-base\1.1.5\mapper-base-1.1.5.jar;F:\tools\maven_jar\tk\mybatis\mapper-weekend\1.1.5\mapper-weekend-1.1.5.jar;F:\tools\maven_jar\tk\mybatis\mapper-spring\1.1.5\mapper-spring-1.1.5.jar;F:\tools\maven_jar\tk\mybatis\mapper-extra\1.1.5\mapper-extra-1.1.5.jar;F:\tools\maven_jar\tk\mybatis\mapper-spring-boot-autoconfigure\2.1.5\mapper-spring-boot-autoconfigure-2.1.5.jar;F:\tools\maven_jar\org\springframework\boot\spring-boot-starter-actuator\2.3.3.RELEASE\spring-boot-starter-actuator-2.3.3.RELEASE.jar;F:\tools\maven_jar\org\springframework\boot\spring-boot-actuator-autoconfigure\2.3.3.RELEASE\spring-boot-actuator-autoconfigure-2.3.3.RELEASE.jar;F:\tools\maven_jar\org\springframework\boot\spring-boot-actuator\2.3.3.RELEASE\spring-boot-actuator-2.3.3.RELEASE.jar;F:\tools\maven_jar\io\micrometer\micrometer-core\1.5.4\micrometer-core-1.5.4.jar;F:\tools\maven_jar\org\hdrhistogram\HdrHistogram\2.1.12\HdrHistogram-2.1.12.jar;F:\tools\maven_jar\org\latencyutils\LatencyUtils\2.0.3\LatencyUtils-2.0.3.jar;"/>
    <property name="sun.cpu.endian" value="little"/>
    <property name="user.home" value="C:\Users\zeng"/>
    <property name="user.language" value="zh"/>
    <property name="java.specification.vendor" value="Oracle Corporation"/>
    <property name="java.home" value="F:\tools\AdoptOpenJDK\jdk-8.0.265.01-hotspot\jre"/>
    <property name="basedir" value="F:\0 Java-Code\cloud-learning\course-center"/>
    <property name="file.separator" value="\"/>
    <property name="line.separator" value="&#10;"/>
    <property name="java.vm.specification.vendor" value="Oracle Corporation"/>
    <property name="java.specification.name" value="Java Platform API Specification"/>
    <property name="java.awt.graphicsenv" value="sun.awt.Win32GraphicsEnvironment"/>
    <property name="surefire.real.class.path" value="C:\Users\zeng\AppData\Local\Temp\surefire7716152658843623543\surefirebooter1142033446295189606.jar"/>
    <property name="sun.boot.class.path" value="F:\tools\AdoptOpenJDK\jdk-8.0.265.01-hotspot\jre\lib\resources.jar;F:\tools\AdoptOpenJDK\jdk-8.0.265.01-hotspot\jre\lib\rt.jar;F:\tools\AdoptOpenJDK\jdk-8.0.265.01-hotspot\jre\lib\sunrsasign.jar;F:\tools\AdoptOpenJDK\jdk-8.0.265.01-hotspot\jre\lib\jsse.jar;F:\tools\AdoptOpenJDK\jdk-8.0.265.01-hotspot\jre\lib\jce.jar;F:\tools\AdoptOpenJDK\jdk-8.0.265.01-hotspot\jre\lib\charsets.jar;F:\tools\AdoptOpenJDK\jdk-8.0.265.01-hotspot\jre\lib\jfr.jar;F:\tools\AdoptOpenJDK\jdk-8.0.265.01-hotspot\jre\classes"/>
    <property name="user.script" value=""/>
    <property name="sun.management.compiler" value="HotSpot 64-Bit Tiered Compilers"/>
    <property name="java.runtime.version" value="1.8.0_265-b01"/>
    <property name="user.name" value="zeng"/>
    <property name="path.separator" value=";"/>
    <property name="os.version" value="10.0"/>
    <property name="java.endorsed.dirs" value="F:\tools\AdoptOpenJDK\jdk-8.0.265.01-hotspot\jre\lib\endorsed"/>
    <property name="java.runtime.name" value="OpenJDK Runtime Environment"/>
    <property name="file.encoding" value="GBK"/>
    <property name="java.vm.name" value="OpenJDK 64-Bit Server VM"/>
    <property name="localRepository" value="F:\tools\maven_jar"/>
    <property name="java.vendor.url.bug" value="http://bugreport.sun.com/bugreport/"/>
    <property name="java.io.tmpdir" value="C:\Users\zeng\AppData\Local\Temp\"/>
    <property name="idea.version" value="2020.2.1"/>
    <property name="java.version" value="1.8.0_265"/>
    <property name="user.dir" value="F:\0 Java-Code\cloud-learning\course-center"/>
    <property name="os.arch" value="amd64"/>
    <property name="java.vm.specification.name" value="Java Virtual Machine Specification"/>
    <property name="java.awt.printerjob" value="sun.awt.windows.WPrinterJob"/>
    <property name="sun.os.patch.level" value=""/>
    <property name="java.library.path" value="F:\tools\AdoptOpenJDK\jdk-8.0.265.01-hotspot\jre\bin;C:\Windows\Sun\Java\bin;C:\Windows\system32;C:\Windows;F:\tools\AdoptOpenJDK\jdk-8.0.265.01-hotspot\bin;E:\Program Files (x86)\Python38-32\Scripts\;E:\Program Files (x86)\Python38-32\;C:\Windows\system32;C:\Windows;C:\Windows\System32\Wbem;C:\Windows\System32\WindowsPowerShell\v1.0\;C:\Windows\System32\OpenSSH\;F:\tools\jdk-11.0.4\bin;E:\Program Files\Git\cmd;F:\tools\nodejs\;F:\tools\nodejs\node_global;C:\Program Files\Docker\Docker\resources\bin;C:\ProgramData\DockerDesktop\version-bin;F:\tools\apache-maven-3.6.3\bin;C:\Program Files\MySQL\MySQL Server 8.0\bin;C:\Users\zeng\AppData\Local\Microsoft\WindowsApps;;E:\Program Files\JetBrains\IntelliJ IDEA 2020.2.1\bin;;E:\Program Files\Microsoft VS Code\bin;C:\Users\zeng\AppData\Roaming\npm;."/>
    <property name="java.vm.info" value="mixed mode"/>
    <property name="java.vendor" value="AdoptOpenJDK"/>
    <property name="java.vm.version" value="25.265-b01"/>
    <property name="java.ext.dirs" value="F:\tools\AdoptOpenJDK\jdk-8.0.265.01-hotspot\jre\lib\ext;C:\Windows\Sun\Java\lib\ext"/>
    <property name="sun.io.unicode.encoding" value="UnicodeLittle"/>
    <property name="maven.repo.local" value="F:\tools\maven_jar"/>
    <property name="java.class.version" value="52.0"/>
  </properties>
  <testcase name="contextLoads" classname="com.soft1851.course.center.CourseCenterApplicationTests" time="0.429"/>
</testsuite>